2025-05-07 20:03:33,263 - semgrep.notifications - WARNING - METRICS: Using configs from the Registry (like --config=p/ci) reports pseudonymous rule metrics to semgrep.dev.
To disable Registry rule metrics, use "--metrics=off".
Using configs only from local files (like --config=xyz.yml) does not enable metrics.

More information: https://semgrep.dev/docs/metrics

2025-05-07 20:03:33,264 - semgrep.run_scan - DEBUG - semgrep version 1.2.0
2025-05-07 20:03:33,269 - semgrep.config_resolver - DEBUG - Loading local config from /home/runner/workspace/.config/.semgrep/semgrep_rules.json
2025-05-07 20:03:33,271 - semgrep.config_resolver - DEBUG - Done loading local config from /home/runner/workspace/.config/.semgrep/semgrep_rules.json
2025-05-07 20:03:33,275 - semgrep.config_resolver - DEBUG - Saving rules to /tmp/semgrep-97iaowwl.rules
2025-05-07 20:03:33,527 - semgrep.semgrep_core - DEBUG - Failed to open resource semgrep-core-proprietary: [Errno 2] No such file or directory: '/tmp/_MEIbfmYqS/semgrep/bin/semgrep-core-proprietary'.
2025-05-07 20:03:34,238 - semgrep.rule_lang - DEBUG - semgrep-core validation response: valid=True
2025-05-07 20:03:34,239 - semgrep.rule_lang - DEBUG - semgrep-core validation succeeded
2025-05-07 20:03:34,239 - semgrep.rule_lang - DEBUG - RPC validation succeeded
2025-05-07 20:03:34,239 - semgrep.config_resolver - DEBUG - loaded 1 configs in 0.970576286315918
2025-05-07 20:03:34,455 - semgrep.run_scan - VERBOSE - running 1250 rules from 1 config /home/runner/workspace/.config/.semgrep/semgrep_rules.json_0
2025-05-07 20:03:34,455 - semgrep.run_scan - VERBOSE - No .semgrepignore found. Using default .semgrepignore rules. See the docs for the list of default ignores: https://semgrep.dev/docs/cli-usage/#ignore-files
2025-05-07 20:03:34,458 - semgrep.run_scan - VERBOSE - Rules:
2025-05-07 20:03:34,458 - semgrep.run_scan - VERBOSE - <SKIPPED DATA (too many entries; use --max-log-list-entries)>
2025-05-07 20:03:35,026 - semgrep.core_runner - DEBUG - Passing whole rules directly to semgrep_core
2025-05-07 20:03:35,255 - semgrep.core_runner - DEBUG - Running Semgrep engine with command:
2025-05-07 20:03:35,255 - semgrep.core_runner - DEBUG - /tmp/_MEIbfmYqS/semgrep/bin/opengrep-core -json -rules /tmp/tmp1x_1mgw1.json -j 8 -targets /tmp/tmp0wokeetb -timeout 5 -timeout_threshold 3 -max_memory 0 -fast
2025-05-07 20:03:41,083 - semgrep.core_runner - DEBUG - --- semgrep-core stderr ---
[00.06][[34mINFO[0m]: Executed as: /tmp/_MEIbfmYqS/semgrep/bin/opengrep-core -json -rules /tmp/tmp1x_1mgw1.json -j 8 -targets /tmp/tmp0wokeetb -timeout 5 -timeout_threshold 3 -max_memory 0 -fast
[00.06][[34mINFO[0m]: Version: 1.2.0
[00.06][[34mINFO[0m]: Parsing rules in /tmp/tmp1x_1mgw1.json
[00.83][[34mINFO[0m]: scan: processing 380 files (skipping 0), with 487 rules (skipping 0 )
[03.46][[33mWARNING[0m]: Fixpoint timeout while performing taint analysis [rule: config..semgrep.vendored-rules.typescript.react.security.audit.react-href-var file: client/src/pages/admin-page.tsx func: AdminPage:19203]
[0m[03.76][[33mWARNING[0m]: Fixpoint timeout while performing taint analysis [rule: config..semgrep.vendored-rules.javascript.lang.security.audit.sqli.node-postgres-sqli file: client/src/pages/admin-page.tsx func: AdminPage:19203]
[0m[04.09][[33mWARNING[0m]: Fixpoint timeout while performing taint analysis [rule: config..semgrep.vendored-rules.javascript.lang.security.audit.path-traversal.path-join-resolve-traversal file: client/src/pages/admin-page.tsx func: AdminPage:19203]
[0m[04.36][[33mWARNING[0m]: Fixpoint timeout while performing taint analysis [rule: config..semgrep.vendored-rules.javascript.lang.security.audit.unsafe-formatstring file: client/src/pages/admin-page.tsx func: AdminPage:19203]
[0m[04.52][[33mWARNING[0m]: Fixpoint timeout while performing taint analysis [rule: config..semgrep.vendored-rules.javascript.lang.security.audit.detect-non-literal-require file: client/src/pages/admin-page.tsx func: AdminPage:19203]
[0m[05.79][[34mINFO[0m]: Custom ignore pattern: None
[05.79][[34mINFO[0m]: Custom ignore pattern: None
--- end semgrep-core stderr ---
2025-05-07 20:03:41,090 - semgrep.rule_match - DEBUG - match_key = ('', PosixPath('client/index.html'), 'config..semgrep.vendored-rules.html.security.audit.missing-integrity') match_id = 0ee74fd49637bebe183eca7188dbde26e386314e62cc2e7ba1ee60b377b638243fcd84e6c6fa04886198ccacfa6a711bfbcc61a28f9ddc913d5b3c53083cbc90_0
2025-05-07 20:03:41,090 - semgrep.rule_match - DEBUG - match_key = (' type="text/javascript" src="https://replit.com/public/js/replit-dev-banner.js" (?is).*integrity= (google-analytics\\.com|fonts\\.googleapis\\.com|fonts\\.gstatic\\.com|googletagmanager\\.com) .*rel\\s*=\\s*[\'"]?preconnect.* href="... :// ..." href="//..." href=\'... :// ...\' href=\'//...\' src="... :// ..." src="//..." src=\'... :// ...\' src=\'//...\' <link  type="text/javascript" src="https://replit.com/public/js/replit-dev-banner.js" > <script  type="text/javascript" src="https://replit.com/public/js/replit-dev-banner.js" >...</script>', PosixPath('client/index.html'), 'config..semgrep.vendored-rules.html.security.audit.missing-integrity') match_id = 0728b64e224596592d04447ba8a642ff94e1fb9fcc07be26d49dc7e7f6898e638ad16ffcaca086932c58f4c6400fe32603323afef02cf9bfebcb0e4a53562a40_0
2025-05-07 20:03:41,091 - semgrep.rule_match - DEBUG - match_key = (' type="text/javascript" src="https://replit.com/public/js/replit-dev-banner.js" (?is).*integrity= (google-analytics\\.com|fonts\\.googleapis\\.com|fonts\\.gstatic\\.com|googletagmanager\\.com) .*rel\\s*=\\s*[\'"]?preconnect.* href="... :// ..." href="//..." href=\'... :// ...\' href=\'//...\' src="... :// ..." src="//..." src=\'... :// ...\' src=\'//...\' <link  type="text/javascript" src="https://replit.com/public/js/replit-dev-banner.js" > <script  type="text/javascript" src="https://replit.com/public/js/replit-dev-banner.js" >...</script>', PosixPath('client/index.html'), 'config..semgrep.vendored-rules.html.security.audit.missing-integrity') match_id = 0728b64e224596592d04447ba8a642ff94e1fb9fcc07be26d49dc7e7f6898e638ad16ffcaca086932c58f4c6400fe32603323afef02cf9bfebcb0e4a53562a40_0
2025-05-07 20:03:41,091 - semgrep.rule_match - DEBUG - match_key = (' type="text/javascript" src="https://replit.com/public/js/replit-dev-banner.js" (?is).*integrity= (google-analytics\\.com|fonts\\.googleapis\\.com|fonts\\.gstatic\\.com|googletagmanager\\.com) .*rel\\s*=\\s*[\'"]?preconnect.* href="... :// ..." href="//..." href=\'... :// ...\' href=\'//...\' src="... :// ..." src="//..." src=\'... :// ...\' src=\'//...\' <link  type="text/javascript" src="https://replit.com/public/js/replit-dev-banner.js" > <script  type="text/javascript" src="https://replit.com/public/js/replit-dev-banner.js" >...</script>', PosixPath('client/index.html'), 'config..semgrep.vendored-rules.html.security.audit.missing-integrity') match_id = 0728b64e224596592d04447ba8a642ff94e1fb9fcc07be26d49dc7e7f6898e638ad16ffcaca086932c58f4c6400fe32603323afef02cf9bfebcb0e4a53562a40_0
2025-05-07 20:03:41,092 - semgrep.rule_match - DEBUG - match_key = ('', PosixPath('client/src/pages/admin-page.tsx'), 'config..semgrep.vendored-rules.javascript.lang.security.html-in-template-string') match_id = 7f17a9e25ca61e410d8593e96e3a57e4c58a2cff0bb7320d3b8b12bd45417c6b286032cd5aeda2edf057e02fac5efe2c35b294f7a76a3a315161487cd1dad721_0
2025-05-07 20:03:41,092 - semgrep.rule_match - DEBUG - match_key = ('<th> .*</?[a-zA-Z] `<th>${header}...`\n `...${header}<th>`\n', PosixPath('client/src/pages/admin-page.tsx'), 'config..semgrep.vendored-rules.javascript.lang.security.html-in-template-string') match_id = 56b335f6c4b305ba8a0eaf6a504b91a746a8a1bdcc3781cce393388bf0ab39d1cb0b04849ca59b50684227e616e753fe59ee950d0a6414761377f35a1ec0097e_0
2025-05-07 20:03:41,094 - semgrep.rule_match - DEBUG - match_key = ('<th> .*</?[a-zA-Z] `<th>${header}...`\n `...${header}<th>`\n', PosixPath('client/src/pages/admin-page.tsx'), 'config..semgrep.vendored-rules.javascript.lang.security.html-in-template-string') match_id = 56b335f6c4b305ba8a0eaf6a504b91a746a8a1bdcc3781cce393388bf0ab39d1cb0b04849ca59b50684227e616e753fe59ee950d0a6414761377f35a1ec0097e_0
2025-05-07 20:03:41,095 - semgrep.rule_match - DEBUG - match_key = ('<th> .*</?[a-zA-Z] `<th>${header}...`\n `...${header}<th>`\n', PosixPath('client/src/pages/admin-page.tsx'), 'config..semgrep.vendored-rules.javascript.lang.security.html-in-template-string') match_id = 56b335f6c4b305ba8a0eaf6a504b91a746a8a1bdcc3781cce393388bf0ab39d1cb0b04849ca59b50684227e616e753fe59ee950d0a6414761377f35a1ec0097e_0
2025-05-07 20:03:41,095 - semgrep.rule_match - DEBUG - match_key = ('', PosixPath('client/src/pages/admin-page.tsx'), 'config..semgrep.vendored-rules.javascript.lang.security.html-in-template-string') match_id = 7f17a9e25ca61e410d8593e96e3a57e4c58a2cff0bb7320d3b8b12bd45417c6b286032cd5aeda2edf057e02fac5efe2c35b294f7a76a3a315161487cd1dad721_0
2025-05-07 20:03:41,096 - semgrep.rule_match - DEBUG - match_key = ('<td> .*</?[a-zA-Z] `<td>${cell}...`\n `...${cell}<td>`\n', PosixPath('client/src/pages/admin-page.tsx'), 'config..semgrep.vendored-rules.javascript.lang.security.html-in-template-string') match_id = ed52a1024573b70ffba689d4db6eb515c74e91844daefd7ed8170cf5682cb2ba5a28740d5cda03239d12e20f0dac223fa1742db384b5783987e6483e2936d279_0
2025-05-07 20:03:41,097 - semgrep.rule_match - DEBUG - match_key = ('<td> .*</?[a-zA-Z] `<td>${cell}...`\n `...${cell}<td>`\n', PosixPath('client/src/pages/admin-page.tsx'), 'config..semgrep.vendored-rules.javascript.lang.security.html-in-template-string') match_id = ed52a1024573b70ffba689d4db6eb515c74e91844daefd7ed8170cf5682cb2ba5a28740d5cda03239d12e20f0dac223fa1742db384b5783987e6483e2936d279_0
2025-05-07 20:03:41,098 - semgrep.rule_match - DEBUG - match_key = ('<td> .*</?[a-zA-Z] `<td>${cell}...`\n `...${cell}<td>`\n', PosixPath('client/src/pages/admin-page.tsx'), 'config..semgrep.vendored-rules.javascript.lang.security.html-in-template-string') match_id = ed52a1024573b70ffba689d4db6eb515c74e91844daefd7ed8170cf5682cb2ba5a28740d5cda03239d12e20f0dac223fa1742db384b5783987e6483e2936d279_0
2025-05-07 20:03:41,099 - semgrep.rule_match - DEBUG - match_key = ('', PosixPath('client/src/pages/admin-page.tsx'), 'config..semgrep.vendored-rules.javascript.lang.security.html-in-template-string') match_id = 7f17a9e25ca61e410d8593e96e3a57e4c58a2cff0bb7320d3b8b12bd45417c6b286032cd5aeda2edf057e02fac5efe2c35b294f7a76a3a315161487cd1dad721_0
2025-05-07 20:03:41,099 - semgrep.rule_match - DEBUG - match_key = ('<th> .*</?[a-zA-Z] `<th>${header}...`\n `...${header}<th>`\n', PosixPath('client/src/pages/admin-page.tsx'), 'config..semgrep.vendored-rules.javascript.lang.security.html-in-template-string') match_id = 56b335f6c4b305ba8a0eaf6a504b91a746a8a1bdcc3781cce393388bf0ab39d1cb0b04849ca59b50684227e616e753fe59ee950d0a6414761377f35a1ec0097e_0
2025-05-07 20:03:41,100 - semgrep.rule_match - DEBUG - match_key = ('<th> .*</?[a-zA-Z] `<th>${header}...`\n `...${header}<th>`\n', PosixPath('client/src/pages/admin-page.tsx'), 'config..semgrep.vendored-rules.javascript.lang.security.html-in-template-string') match_id = 56b335f6c4b305ba8a0eaf6a504b91a746a8a1bdcc3781cce393388bf0ab39d1cb0b04849ca59b50684227e616e753fe59ee950d0a6414761377f35a1ec0097e_0
2025-05-07 20:03:41,101 - semgrep.rule_match - DEBUG - match_key = ('<th> .*</?[a-zA-Z] `<th>${header}...`\n `...${header}<th>`\n', PosixPath('client/src/pages/admin-page.tsx'), 'config..semgrep.vendored-rules.javascript.lang.security.html-in-template-string') match_id = 56b335f6c4b305ba8a0eaf6a504b91a746a8a1bdcc3781cce393388bf0ab39d1cb0b04849ca59b50684227e616e753fe59ee950d0a6414761377f35a1ec0097e_1
2025-05-07 20:03:41,102 - semgrep.rule_match - DEBUG - match_key = ('', PosixPath('client/src/pages/admin-page.tsx'), 'config..semgrep.vendored-rules.javascript.lang.security.html-in-template-string') match_id = 7f17a9e25ca61e410d8593e96e3a57e4c58a2cff0bb7320d3b8b12bd45417c6b286032cd5aeda2edf057e02fac5efe2c35b294f7a76a3a315161487cd1dad721_0
2025-05-07 20:03:41,102 - semgrep.rule_match - DEBUG - match_key = ('<td> .*</?[a-zA-Z] `<td>${cell}...`\n `...${cell}<td>`\n', PosixPath('client/src/pages/admin-page.tsx'), 'config..semgrep.vendored-rules.javascript.lang.security.html-in-template-string') match_id = ed52a1024573b70ffba689d4db6eb515c74e91844daefd7ed8170cf5682cb2ba5a28740d5cda03239d12e20f0dac223fa1742db384b5783987e6483e2936d279_0
2025-05-07 20:03:41,103 - semgrep.rule_match - DEBUG - match_key = ('<td> .*</?[a-zA-Z] `<td>${cell}...`\n `...${cell}<td>`\n', PosixPath('client/src/pages/admin-page.tsx'), 'config..semgrep.vendored-rules.javascript.lang.security.html-in-template-string') match_id = ed52a1024573b70ffba689d4db6eb515c74e91844daefd7ed8170cf5682cb2ba5a28740d5cda03239d12e20f0dac223fa1742db384b5783987e6483e2936d279_0
2025-05-07 20:03:41,104 - semgrep.rule_match - DEBUG - match_key = ('<td> .*</?[a-zA-Z] `<td>${cell}...`\n `...${cell}<td>`\n', PosixPath('client/src/pages/admin-page.tsx'), 'config..semgrep.vendored-rules.javascript.lang.security.html-in-template-string') match_id = ed52a1024573b70ffba689d4db6eb515c74e91844daefd7ed8170cf5682cb2ba5a28740d5cda03239d12e20f0dac223fa1742db384b5783987e6483e2936d279_1
2025-05-07 20:03:41,105 - semgrep.rule_match - DEBUG - match_key = ('', PosixPath('client/src/pages/admin-page.tsx'), 'config..semgrep.vendored-rules.javascript.lang.security.html-in-template-string') match_id = 7f17a9e25ca61e410d8593e96e3a57e4c58a2cff0bb7320d3b8b12bd45417c6b286032cd5aeda2edf057e02fac5efe2c35b294f7a76a3a315161487cd1dad721_0
2025-05-07 20:03:41,106 - semgrep.rule_match - DEBUG - match_key = ('<th> .*</?[a-zA-Z] `<th>${header}...`\n `...${header}<th>`\n', PosixPath('client/src/pages/admin-page.tsx'), 'config..semgrep.vendored-rules.javascript.lang.security.html-in-template-string') match_id = 56b335f6c4b305ba8a0eaf6a504b91a746a8a1bdcc3781cce393388bf0ab39d1cb0b04849ca59b50684227e616e753fe59ee950d0a6414761377f35a1ec0097e_0
2025-05-07 20:03:41,106 - semgrep.rule_match - DEBUG - match_key = ('<th> .*</?[a-zA-Z] `<th>${header}...`\n `...${header}<th>`\n', PosixPath('client/src/pages/admin-page.tsx'), 'config..semgrep.vendored-rules.javascript.lang.security.html-in-template-string') match_id = 56b335f6c4b305ba8a0eaf6a504b91a746a8a1bdcc3781cce393388bf0ab39d1cb0b04849ca59b50684227e616e753fe59ee950d0a6414761377f35a1ec0097e_0
2025-05-07 20:03:41,107 - semgrep.rule_match - DEBUG - match_key = ('<th> .*</?[a-zA-Z] `<th>${header}...`\n `...${header}<th>`\n', PosixPath('client/src/pages/admin-page.tsx'), 'config..semgrep.vendored-rules.javascript.lang.security.html-in-template-string') match_id = 56b335f6c4b305ba8a0eaf6a504b91a746a8a1bdcc3781cce393388bf0ab39d1cb0b04849ca59b50684227e616e753fe59ee950d0a6414761377f35a1ec0097e_2
2025-05-07 20:03:41,108 - semgrep.rule_match - DEBUG - match_key = ('', PosixPath('client/src/pages/admin-page.tsx'), 'config..semgrep.vendored-rules.javascript.lang.security.html-in-template-string') match_id = 7f17a9e25ca61e410d8593e96e3a57e4c58a2cff0bb7320d3b8b12bd45417c6b286032cd5aeda2edf057e02fac5efe2c35b294f7a76a3a315161487cd1dad721_0
2025-05-07 20:03:41,109 - semgrep.rule_match - DEBUG - match_key = ('<td> .*</?[a-zA-Z] `<td>${cell}...`\n `...${cell}<td>`\n', PosixPath('client/src/pages/admin-page.tsx'), 'config..semgrep.vendored-rules.javascript.lang.security.html-in-template-string') match_id = ed52a1024573b70ffba689d4db6eb515c74e91844daefd7ed8170cf5682cb2ba5a28740d5cda03239d12e20f0dac223fa1742db384b5783987e6483e2936d279_0
2025-05-07 20:03:41,110 - semgrep.rule_match - DEBUG - match_key = ('<td> .*</?[a-zA-Z] `<td>${cell}...`\n `...${cell}<td>`\n', PosixPath('client/src/pages/admin-page.tsx'), 'config..semgrep.vendored-rules.javascript.lang.security.html-in-template-string') match_id = ed52a1024573b70ffba689d4db6eb515c74e91844daefd7ed8170cf5682cb2ba5a28740d5cda03239d12e20f0dac223fa1742db384b5783987e6483e2936d279_0
2025-05-07 20:03:41,111 - semgrep.rule_match - DEBUG - match_key = ('<td> .*</?[a-zA-Z] `<td>${cell}...`\n `...${cell}<td>`\n', PosixPath('client/src/pages/admin-page.tsx'), 'config..semgrep.vendored-rules.javascript.lang.security.html-in-template-string') match_id = ed52a1024573b70ffba689d4db6eb515c74e91844daefd7ed8170cf5682cb2ba5a28740d5cda03239d12e20f0dac223fa1742db384b5783987e6483e2936d279_2
2025-05-07 20:03:41,115 - semgrep.core_runner - DEBUG - semgrep ran in 0:00:06.088967 on 142 files
2025-05-07 20:03:41,117 - semgrep.core_runner - DEBUG - findings summary: 7 warning, 0 error, 0 info
2025-05-07 20:03:41,122 - semgrep.app.auth - DEBUG - Getting API token from settings file
2025-05-07 20:03:41,122 - semgrep.app.auth - DEBUG - No API token found in settings file
2025-05-07 20:03:41,122 - semgrep.semgrep_core - DEBUG - Failed to open resource semgrep-core-proprietary: [Errno 2] No such file or directory: '/tmp/_MEIbfmYqS/semgrep/bin/semgrep-core-proprietary'.
2025-05-07 20:03:41,234 - semgrep.output - VERBOSE - 
========================================
Files skipped:
========================================

  Always skipped by Opengrep:

   • <none>

  Skipped by .gitignore:
  (Disable by passing --no-git-ignore)

   • <all files not listed by `git ls-files` were skipped>

  Skipped by .semgrepignore:
  - https://semgrep.dev/docs/ignoring-files-folders-code/#understand-semgrep-defaults

   • <none>

  Skipped by --include patterns:

   • <none>

  Skipped by --exclude patterns:

   • <none>

  Files skipped due to insufficient read permissions:

   • <none>

  Skipped by limiting to files smaller than 1000000 bytes:
  (Adjust with the --max-target-bytes flag)

   • <none>

  Partially analyzed due to parsing or internal Opengrep errors

   • tailwind.config.ts (1 lines skipped)

2025-05-07 20:03:41,235 - semgrep.output - INFO - Some files were skipped or only partially analyzed.
  Scan was limited to files tracked by git.
  Partially scanned: 1 files only partially analyzed due to parsing or internal Opengrep errors

Ran 443 rules on 142 files: 7 findings.
2025-05-07 20:03:41,235 - semgrep.app.version - DEBUG - Version cache does not exist
2025-05-07 20:03:41,260 - semgrep.metrics - VERBOSE - Not sending pseudonymous metrics since metrics are configured to OFF and registry usage is False
